<?xml version="1.0" encoding="UTF-8"?>
<testng-results ignored="0" total="1" passed="1" failed="0" skipped="0">
  <reporter-output>
  </reporter-output>
  <suite started-at="2025-12-20T09:52:31 EST" name="Default suite" finished-at="2025-12-20T09:52:36 EST" duration-ms="5318">
    <groups>
    </groups>
    <test started-at="2025-12-20T09:52:31 EST" name="Default test" finished-at="2025-12-20T09:52:36 EST" duration-ms="5318">
      <class name="TestCases.TestScenario1">
        <test-method is-config="true" signature="OpenBrowser()[pri:0, instance:TestCases.TestScenario1@6e171cd7]" started-at="2025-12-20T09:52:31 EST" name="OpenBrowser" finished-at="2025-12-20T09:52:33 EST" duration-ms="1947" status="PASS">
          <reporter-output>
          </reporter-output>
        </test-method> <!-- OpenBrowser -->
        <test-method signature="testScenario1()[pri:0, instance:TestCases.TestScenario1@6e171cd7]" started-at="2025-12-20T09:52:33 EST" name="testScenario1" finished-at="2025-12-20T09:52:36 EST" duration-ms="3157" status="PASS">
          <reporter-output>
          </reporter-output>
        </test-method> <!-- testScenario1 -->
        <test-method is-config="true" signature="closeBrowser()[pri:0, instance:TestCases.TestScenario1@6e171cd7]" started-at="2025-12-20T09:52:36 EST" name="closeBrowser" finished-at="2025-12-20T09:52:36 EST" duration-ms="172" status="PASS">
          <reporter-output>
          </reporter-output>
        </test-method> <!-- closeBrowser -->
      </class> <!-- TestCases.TestScenario1 -->
    </test> <!-- Default test -->
  </suite> <!-- Default suite -->
</testng-results>
